Error Protocol:	RV-2SDB,	September 28, 2023 09:53:07

1;	17-10-03;	12:57:22;	70
Meldung:	ＴＢ非常停止信号入力中
Ursache:	ＴＢ非常停止が入りました
Abhilfe:	ＴＢ非常停止を解除してください

1;	17-10-03;	12:57:02;	5000
Meldung:	ティーチ作業中です
Ursache:	自動モードでＴＢイネーブルキーが有効になっています
Abhilfe:	ＴＢイネーブルキーを無効にするか、ティーチモードにしてください

1;	17-10-03;	12:56:28;	70
Meldung:	ＴＢ非常停止信号入力中
Ursache:	ＴＢ非常停止が入りました
Abhilfe:	ＴＢ非常停止を解除してください

1;	17-10-03;	12:56:28;	70
Meldung:	ＴＢ非常停止信号入力中
Ursache:	ＴＢ非常停止が入りました
Abhilfe:	ＴＢ非常停止を解除してください

1;	17-10-03;	12:56:26;	70
Meldung:	ＴＢ非常停止信号入力中
Ursache:	ＴＢ非常停止が入りました
Abhilfe:	ＴＢ非常停止を解除してください

1;	17-10-03;	12:56:24;	70
Meldung:	ＴＢ非常停止信号入力中
Ursache:	ＴＢ非常停止が入りました
Abhilfe:	ＴＢ非常停止を解除してください

1;	17-10-03;	12:56:18;	70
Meldung:	ＴＢ非常停止信号入力中
Ursache:	ＴＢ非常停止が入りました
Abhilfe:	ＴＢ非常停止を解除してください

1;	17-10-03;	12:56:12;	70
Meldung:	ＴＢ非常停止信号入力中
Ursache:	ＴＢ非常停止が入りました
Abhilfe:	ＴＢ非常停止を解除してください

1;	17-10-03;	12:56:12;	70
Meldung:	ＴＢ非常停止信号入力中
Ursache:	ＴＢ非常停止が入りました
Abhilfe:	ＴＢ非常停止を解除してください

1;	17-10-03;	12:56:10;	70
Meldung:	ＴＢ非常停止信号入力中
Ursache:	ＴＢ非常停止が入りました
Abhilfe:	ＴＢ非常停止を解除してください

1;	17-10-03;	12:56:08;	70
Meldung:	ＴＢ非常停止信号入力中
Ursache:	ＴＢ非常停止が入りました
Abhilfe:	ＴＢ非常停止を解除してください

1;	17-10-03;	12:56:08;	70
Meldung:	ＴＢ非常停止信号入力中
Ursache:	ＴＢ非常停止が入りました
Abhilfe:	ＴＢ非常停止を解除してください

1;	17-10-03;	12:56:06;	70
Meldung:	ＴＢ非常停止信号入力中
Ursache:	ＴＢ非常停止が入りました
Abhilfe:	ＴＢ非常停止を解除してください

1;	17-10-03;	12:56:06;	70
Meldung:	ＴＢ非常停止信号入力中
Ursache:	ＴＢ非常停止が入りました
Abhilfe:	ＴＢ非常停止を解除してください

1;	17-10-03;	12:55:44;	70
Meldung:	ＴＢ非常停止信号入力中
Ursache:	ＴＢ非常停止が入りました
Abhilfe:	ＴＢ非常停止を解除してください

3;	17-10-03;	12:55:40;	7520
Meldung:	バッテリ消耗時間を過ぎました
Ursache:	バッテリが消耗してきています
Abhilfe:	バッテリを交換してください

1;	17-10-03;	12:52:22;	70
Meldung:	ＴＢ非常停止信号入力中
Ursache:	ＴＢ非常停止が入りました
Abhilfe:	ＴＢ非常停止を解除してください

3;	17-10-03;	12:52:18;	7520
Meldung:	バッテリ消耗時間を過ぎました
Ursache:	バッテリが消耗してきています
Abhilfe:	バッテリを交換してください

1;	17-10-03;	12:33:54;	5000
Meldung:	ティーチ作業中です
Ursache:	自動モードでＴＢイネーブルキーが有効になっています
Abhilfe:	ＴＢイネーブルキーを無効にするか、ティーチモードにしてください

1;	17-10-03;	12:33:48;	5000
Meldung:	ティーチ作業中です
Ursache:	自動モードでＴＢイネーブルキーが有効になっています
Abhilfe:	ＴＢイネーブルキーを無効にするか、ティーチモードにしてください

2;	17-10-03;	12:33:00;	91
Meldung:	この信号は専用出力に割り付け済みです
Ursache:	二重に使用することはできません
Abhilfe:	出力番号を変更するか専用出力割り付けパラメータを変更してください
Program:	1

1;	17-10-03;	12:32:06;	5000
Meldung:	ティーチ作業中です
Ursache:	自動モードでＴＢイネーブルキーが有効になっています
Abhilfe:	ＴＢイネーブルキーを無効にするか、ティーチモードにしてください

1;	17-10-03;	12:29:52;	5000
Meldung:	ティーチ作業中です
Ursache:	自動モードでＴＢイネーブルキーが有効になっています
Abhilfe:	ＴＢイネーブルキーを無効にするか、ティーチモードにしてください

1;	17-10-03;	12:01:08;	5000
Meldung:	ティーチ作業中です
Ursache:	自動モードでＴＢイネーブルキーが有効になっています
Abhilfe:	ＴＢイネーブルキーを無効にするか、ティーチモードにしてください

1;	17-10-03;	12:01:06;	5000
Meldung:	ティーチ作業中です
Ursache:	自動モードでＴＢイネーブルキーが有効になっています
Abhilfe:	ＴＢイネーブルキーを無効にするか、ティーチモードにしてください

1;	17-10-03;	12:01:06;	5000
Meldung:	ティーチ作業中です
Ursache:	自動モードでＴＢイネーブルキーが有効になっています
Abhilfe:	ＴＢイネーブルキーを無効にするか、ティーチモードにしてください

1;	17-10-03;	12:01:06;	5000
Meldung:	ティーチ作業中です
Ursache:	自動モードでＴＢイネーブルキーが有効になっています
Abhilfe:	ＴＢイネーブルキーを無効にするか、ティーチモードにしてください

1;	17-10-03;	12:01:04;	5000
Meldung:	ティーチ作業中です
Ursache:	自動モードでＴＢイネーブルキーが有効になっています
Abhilfe:	ＴＢイネーブルキーを無効にするか、ティーチモードにしてください

1;	17-10-03;	12:01:04;	70
Meldung:	ＴＢ非常停止信号入力中
Ursache:	ＴＢ非常停止が入りました
Abhilfe:	ＴＢ非常停止を解除してください

1;	17-10-03;	12:01:04;	5000
Meldung:	ティーチ作業中です
Ursache:	自動モードでＴＢイネーブルキーが有効になっています
Abhilfe:	ＴＢイネーブルキーを無効にするか、ティーチモードにしてください

1;	17-10-03;	12:01:02;	70
Meldung:	ＴＢ非常停止信号入力中
Ursache:	ＴＢ非常停止が入りました
Abhilfe:	ＴＢ非常停止を解除してください

1;	17-10-03;	12:01:02;	5000
Meldung:	ティーチ作業中です
Ursache:	自動モードでＴＢイネーブルキーが有効になっています
Abhilfe:	ＴＢイネーブルキーを無効にするか、ティーチモードにしてください

1;	17-10-03;	12:01:02;	70
Meldung:	ＴＢ非常停止信号入力中
Ursache:	ＴＢ非常停止が入りました
Abhilfe:	ＴＢ非常停止を解除してください

1;	17-10-03;	12:01:02;	5000
Meldung:	ティーチ作業中です
Ursache:	自動モードでＴＢイネーブルキーが有効になっています
Abhilfe:	ＴＢイネーブルキーを無効にするか、ティーチモードにしてください

1;	17-10-03;	12:01:00;	70
Meldung:	ＴＢ非常停止信号入力中
Ursache:	ＴＢ非常停止が入りました
Abhilfe:	ＴＢ非常停止を解除してください

1;	17-10-03;	12:01:00;	60
Meldung:	操作盤非常停止信号入力中
Ursache:	操作盤非常停止が入りました
Abhilfe:	操作盤非常停止を解除してください

1;	17-10-03;	12:01:00;	5000
Meldung:	ティーチ作業中です
Ursache:	自動モードでＴＢイネーブルキーが有効になっています
Abhilfe:	ＴＢイネーブルキーを無効にするか、ティーチモードにしてください

1;	17-10-03;	12:00:58;	70
Meldung:	ＴＢ非常停止信号入力中
Ursache:	ＴＢ非常停止が入りました
Abhilfe:	ＴＢ非常停止を解除してください

1;	17-10-03;	12:00:58;	60
Meldung:	操作盤非常停止信号入力中
Ursache:	操作盤非常停止が入りました
Abhilfe:	操作盤非常停止を解除してください

1;	17-10-03;	12:00:58;	5000
Meldung:	ティーチ作業中です
Ursache:	自動モードでＴＢイネーブルキーが有効になっています
Abhilfe:	ＴＢイネーブルキーを無効にするか、ティーチモードにしてください

1;	17-10-03;	12:00:58;	70
Meldung:	ＴＢ非常停止信号入力中
Ursache:	ＴＢ非常停止が入りました
Abhilfe:	ＴＢ非常停止を解除してください

1;	17-10-03;	12:00:58;	60
Meldung:	操作盤非常停止信号入力中
Ursache:	操作盤非常停止が入りました
Abhilfe:	操作盤非常停止を解除してください

1;	17-10-03;	12:00:58;	5000
Meldung:	ティーチ作業中です
Ursache:	自動モードでＴＢイネーブルキーが有効になっています
Abhilfe:	ＴＢイネーブルキーを無効にするか、ティーチモードにしてください

1;	17-10-03;	12:00:58;	70
Meldung:	ＴＢ非常停止信号入力中
Ursache:	ＴＢ非常停止が入りました
Abhilfe:	ＴＢ非常停止を解除してください

1;	17-10-03;	12:00:58;	60
Meldung:	操作盤非常停止信号入力中
Ursache:	操作盤非常停止が入りました
Abhilfe:	操作盤非常停止を解除してください

1;	17-10-03;	12:00:58;	5000
Meldung:	ティーチ作業中です
Ursache:	自動モードでＴＢイネーブルキーが有効になっています
Abhilfe:	ＴＢイネーブルキーを無効にするか、ティーチモードにしてください

1;	17-10-03;	12:00:58;	70
Meldung:	ＴＢ非常停止信号入力中
Ursache:	ＴＢ非常停止が入りました
Abhilfe:	ＴＢ非常停止を解除してください

1;	17-10-03;	12:00:58;	60
Meldung:	操作盤非常停止信号入力中
Ursache:	操作盤非常停止が入りました
Abhilfe:	操作盤非常停止を解除してください

1;	17-10-03;	12:00:58;	5000
Meldung:	ティーチ作業中です
Ursache:	自動モードでＴＢイネーブルキーが有効になっています
Abhilfe:	ＴＢイネーブルキーを無効にするか、ティーチモードにしてください

1;	17-10-03;	12:00:56;	70
Meldung:	ＴＢ非常停止信号入力中
Ursache:	ＴＢ非常停止が入りました
Abhilfe:	ＴＢ非常停止を解除してください

1;	17-10-03;	12:00:56;	60
Meldung:	操作盤非常停止信号入力中
Ursache:	操作盤非常停止が入りました
Abhilfe:	操作盤非常停止を解除してください

1;	17-10-03;	12:00:56;	5000
Meldung:	ティーチ作業中です
Ursache:	自動モードでＴＢイネーブルキーが有効になっています
Abhilfe:	ＴＢイネーブルキーを無効にするか、ティーチモードにしてください

1;	17-10-03;	12:00:56;	70
Meldung:	ＴＢ非常停止信号入力中
Ursache:	ＴＢ非常停止が入りました
Abhilfe:	ＴＢ非常停止を解除してください

1;	17-10-03;	12:00:56;	60
Meldung:	操作盤非常停止信号入力中
Ursache:	操作盤非常停止が入りました
Abhilfe:	操作盤非常停止を解除してください

1;	17-10-03;	12:00:56;	5000
Meldung:	ティーチ作業中です
Ursache:	自動モードでＴＢイネーブルキーが有効になっています
Abhilfe:	ＴＢイネーブルキーを無効にするか、ティーチモードにしてください

1;	17-10-03;	12:00:24;	70
Meldung:	ＴＢ非常停止信号入力中
Ursache:	ＴＢ非常停止が入りました
Abhilfe:	ＴＢ非常停止を解除してください

1;	17-10-03;	12:00:24;	60
Meldung:	操作盤非常停止信号入力中
Ursache:	操作盤非常停止が入りました
Abhilfe:	操作盤非常停止を解除してください

1;	17-10-03;	12:00:20;	5000
Meldung:	ティーチ作業中です
Ursache:	自動モードでＴＢイネーブルキーが有効になっています
Abhilfe:	ＴＢイネーブルキーを無効にするか、ティーチモードにしてください

3;	17-10-03;	12:00:20;	7520
Meldung:	バッテリ消耗時間を過ぎました
Ursache:	バッテリが消耗してきています
Abhilfe:	バッテリを交換してください

2;	17-05-02;	14:14:58;	3110
Meldung:	ＰＬＴコマンドの引数の値が範囲外です
Ursache:	ＰＬＴコマンドの引数の値が範囲外です
Abhilfe:	引数の範囲を確認して再度入力してください
Program:	1.MB5

2;	17-05-02;	13:03:58;	2000
Meldung:	サーボＯＦＦしています
Ursache:	サーボＯＦＦしているのでロボットが動作できません
Abhilfe:	サーボＯＮして再始動してください
Program:	1.MB5

2;	17-04-30;	12:53:16;	3600
Meldung:	ジャンプ先が存在しません
Ursache:	ジャンプ先が存在しません
Abhilfe:	ジャンプ先を確認してください
Program:	1.MB5

2;	17-04-30;	12:40:54;	2000
Meldung:	サーボＯＦＦしています
Ursache:	サーボＯＦＦしているのでロボットが動作できません
Abhilfe:	サーボＯＮして再始動してください
Program:	1.MB5

2;	17-04-30;	12:40:34;	2000
Meldung:	サーボＯＦＦしています
Ursache:	サーボＯＦＦしているのでロボットが動作できません
Abhilfe:	サーボＯＮして再始動してください
Program:	1.MB5

2;	17-04-30;	12:39:26;	3280
Meldung:	移動命令はＧＥＴＭしていないと実行できません
Ursache:	移動命令はＧＥＴＭしていないと実行できません
Abhilfe:	ＧＥＴＭコマンドを実行してから実行してください
Program:	1.MB5

2;	17-04-30;	12:39:20;	3280
Meldung:	移動命令はＧＥＴＭしていないと実行できません
Ursache:	移動命令はＧＥＴＭしていないと実行できません
Abhilfe:	ＧＥＴＭコマンドを実行してから実行してください
Program:	1.MB5

2;	17-04-30;	12:39:04;	3280
Meldung:	移動命令はＧＥＴＭしていないと実行できません
Ursache:	移動命令はＧＥＴＭしていないと実行できません
Abhilfe:	ＧＥＴＭコマンドを実行してから実行してください
Program:	1.MB5

1;	17-04-30;	12:38:54;	962
Meldung:	サーボアンプ 誤差過大１
Ursache:	サーボON中、位置指令と実位置の差が大きくなりました
Abhilfe:	負荷の重量、ロボットの押付けなどを確認してください

2;	17-04-30;	12:37:16;	4220
Meldung:	入力した命令文の構文に誤りがあります
Ursache:	入力した命令文の構文に誤りがあります
Abhilfe:	内容を確認の上、正しい構文で再入力してください
Program:	1

2;	17-04-30;	12:37:08;	4220
Meldung:	入力した命令文の構文に誤りがあります
Ursache:	入力した命令文の構文に誤りがあります
Abhilfe:	内容を確認の上、正しい構文で再入力してください

2;	17-04-30;	12:19:14;	3280
Meldung:	移動命令はＧＥＴＭしていないと実行できません
Ursache:	移動命令はＧＥＴＭしていないと実行できません
Abhilfe:	ＧＥＴＭコマンドを実行してから実行してください
Program:	1.MB5

2;	17-04-30;	12:19:08;	3280
Meldung:	移動命令はＧＥＴＭしていないと実行できません
Ursache:	移動命令はＧＥＴＭしていないと実行できません
Abhilfe:	ＧＥＴＭコマンドを実行してから実行してください
Program:	1.MB5

2;	17-04-30;	12:16:34;	2000
Meldung:	サーボＯＦＦしています
Ursache:	サーボＯＦＦしているのでロボットが動作できません
Abhilfe:	サーボＯＮして再始動してください
Program:	1.MB5

1;	17-04-30;	12:06:58;	962
Meldung:	サーボアンプ 誤差過大１
Ursache:	サーボON中、位置指令と実位置の差が大きくなりました
Abhilfe:	負荷の重量、ロボットの押付けなどを確認してください

1;	17-04-30;	11:56:06;	70
Meldung:	ＴＢ非常停止信号入力中
Ursache:	ＴＢ非常停止が入りました
Abhilfe:	ＴＢ非常停止を解除してください

1;	17-04-30;	11:55:38;	962
Meldung:	サーボアンプ 誤差過大１
Ursache:	サーボON中、位置指令と実位置の差が大きくなりました
Abhilfe:	負荷の重量、ロボットの押付けなどを確認してください
Program:	1

2;	17-04-30;	11:54:40;	3280
Meldung:	移動命令はＧＥＴＭしていないと実行できません
Ursache:	移動命令はＧＥＴＭしていないと実行できません
Abhilfe:	ＧＥＴＭコマンドを実行してから実行してください
Program:	1.MB5

2;	17-04-30;	11:51:42;	3282
Meldung:	プログラム未選択または属性の不正です
Ursache:	プログラム未選択または属性の不正です
Abhilfe:	プログラム選択または、プログラムの属性を変更してください

2;	17-04-30;	11:50:48;	3600
Meldung:	ジャンプ先が存在しません
Ursache:	ジャンプ先が存在しません
Abhilfe:	ジャンプ先を確認してください
Program:	1.MB5

2;	17-04-30;	11:49:10;	2000
Meldung:	サーボＯＦＦしています
Ursache:	サーボＯＦＦしているのでロボットが動作できません
Abhilfe:	サーボＯＮして再始動してください
Program:	1.MB5

1;	17-04-30;	11:40:22;	70
Meldung:	ＴＢ非常停止信号入力中
Ursache:	ＴＢ非常停止が入りました
Abhilfe:	ＴＢ非常停止を解除してください

2;	17-04-30;	11:34:26;	2802
Meldung:	目的位置データが不適切です
Ursache:	補間処理の目的位置データが不適切です
Abhilfe:	位置を調整してください
Program:	1.MB5

1;	17-04-30;	11:24:48;	962
Meldung:	サーボアンプ 誤差過大１
Ursache:	サーボON中、位置指令と実位置の差が大きくなりました
Abhilfe:	負荷の重量、ロボットの押付けなどを確認してください

2;	17-04-30;	11:22:48;	2000
Meldung:	サーボＯＦＦしています
Ursache:	サーボＯＦＦしているのでロボットが動作できません
Abhilfe:	サーボＯＮして再始動してください
Program:	1.MB5

2;	17-04-30;	11:21:30;	2000
Meldung:	サーボＯＦＦしています
Ursache:	サーボＯＦＦしているのでロボットが動作できません
Abhilfe:	サーボＯＮして再始動してください
Program:	1.MB5

2;	17-04-30;	11:21:12;	3282
Meldung:	プログラム未選択または属性の不正です
Ursache:	プログラム未選択または属性の不正です
Abhilfe:	プログラム選択または、プログラムの属性を変更してください

1;	17-04-30;	11:20:08;	70
Meldung:	ＴＢ非常停止信号入力中
Ursache:	ＴＢ非常停止が入りました
Abhilfe:	ＴＢ非常停止を解除してください

1;	17-04-30;	11:10:28;	70
Meldung:	ＴＢ非常停止信号入力中
Ursache:	ＴＢ非常停止が入りました
Abhilfe:	ＴＢ非常停止を解除してください

1;	17-04-30;	11:04:12;	70
Meldung:	ＴＢ非常停止信号入力中
Ursache:	ＴＢ非常停止が入りました
Abhilfe:	ＴＢ非常停止を解除してください

2;	17-04-30;	11:01:08;	2000
Meldung:	サーボＯＦＦしています
Ursache:	サーボＯＦＦしているのでロボットが動作できません
Abhilfe:	サーボＯＮして再始動してください
Program:	1.MB5

2;	17-04-30;	11:00:46;	2000
Meldung:	サーボＯＦＦしています
Ursache:	サーボＯＦＦしているのでロボットが動作できません
Abhilfe:	サーボＯＮして再始動してください
Program:	1.MB5

2;	17-04-30;	11:00:34;	2000
Meldung:	サーボＯＦＦしています
Ursache:	サーボＯＦＦしているのでロボットが動作できません
Abhilfe:	サーボＯＮして再始動してください
Program:	1.MB5

2;	17-04-30;	10:59:04;	4330
Meldung:	読み込みできない変数を読み込もうとしました
Ursache:	変数が読み込み禁止に設定されています
Abhilfe:	１．読み込みできる変数を使う。２．読み込み禁止を解除する
Program:	1.MB5

2;	17-04-30;	10:58:52;	4330
Meldung:	読み込みできない変数を読み込もうとしました
Ursache:	変数が読み込み禁止に設定されています
Abhilfe:	１．読み込みできる変数を使う。２．読み込み禁止を解除する
Program:	1.MB5

2;	17-04-30;	10:58:42;	4330
Meldung:	読み込みできない変数を読み込もうとしました
Ursache:	変数が読み込み禁止に設定されています
Abhilfe:	１．読み込みできる変数を使う。２．読み込み禁止を解除する
Program:	1.MB5

2;	17-04-30;	10:58:28;	4330
Meldung:	読み込みできない変数を読み込もうとしました
Ursache:	変数が読み込み禁止に設定されています
Abhilfe:	１．読み込みできる変数を使う。２．読み込み禁止を解除する
Program:	1.MB5
